app/mapping.txt
# compiler: R8
# compiler_version: 1.5.68
# min_api: 21
# pg_map_id: bda592f
com.scale.jartest.BluetoothUtil -> b.a.a.a:
    com.scale.jartest.BluetoothUtil bluetoothUtil -> h
    com.scale.jartest.BluetoothUtil$BluetoothSearchListener bluetoothSearchListener -> d
    boolean searchStatus -> f
    android.bluetooth.BluetoothAdapter mBluetoothAdapter -> b
    android.bluetooth.BluetoothManager mBluetoothManager -> a
    android.bluetooth.le.ScanCallback leCallback -> g
    java.lang.String TAG -> e
    android.bluetooth.le.BluetoothLeScanner scanner -> c
    1:1:void <init>():14:14 -> <init>
    2:2:void <init>():20:20 -> <init>
    3:3:void <init>():68:68 -> <init>
    1:1:com.scale.jartest.BluetoothUtil$BluetoothSearchListener access$000(com.scale.jartest.BluetoothUtil):14:14 -> a
    2:2:void registerBluetoothListener(com.scale.jartest.BluetoothUtil$BluetoothSearchListener):35:35 -> a
    3:4:void init(android.content.Context):39:40 -> a
    5:6:void init(android.content.Context):42:43 -> a
    7:8:void searchDevice():51:52 -> a
    9:15:void searchDevice():55:61 -> a
    1:4:void stopSearchDevice():84:87 -> b
    1:2:com.scale.jartest.BluetoothUtil getInstance():24:25 -> c
    3:3:com.scale.jartest.BluetoothUtil getInstance():27:27 -> c
com.scale.jartest.BluetoothUtil$1 -> b.a.a.a$a:
    com.scale.jartest.BluetoothUtil this$0 -> a
    1:1:void <init>(com.scale.jartest.BluetoothUtil):68:68 -> <init>
    1:3:void onScanFailed(int):77:79 -> onScanFailed
    1:2:void onScanResult(int,android.bluetooth.le.ScanResult):71:72 -> onScanResult
com.scale.jartest.BluetoothUtil$BluetoothSearchListener -> b.a.a.a$b:
    void onSearchCallback(android.bluetooth.le.ScanResult) -> a
com.scale.jartest.BodyFatUtil -> b.a.a.b:
    1:1:void <init>():5:5 -> <init>
    1:1:java.lang.String getBodyType(android.content.Context,int):57:57 -> a
    2:2:java.lang.String getBodyType(android.content.Context,int):55:55 -> a
    3:3:java.lang.String getBodyType(android.content.Context,int):53:53 -> a
    4:4:java.lang.String getBodyType(android.content.Context,int):51:51 -> a
    5:5:java.lang.String getBodyType(android.content.Context,int):49:49 -> a
    6:6:java.lang.String getBodyType(android.content.Context,int):47:47 -> a
    7:7:java.lang.String getBodyType(android.content.Context,int):45:45 -> a
    8:8:java.lang.String getBodyType(android.content.Context,int):43:43 -> a
    9:9:java.lang.String getBodyType(android.content.Context,int):41:41 -> a
    10:10:java.lang.String getBodyType(android.content.Context,int):39:39 -> a
    1:1:java.lang.String getHealthLevel(android.content.Context,int):31:31 -> b
    2:2:java.lang.String getHealthLevel(android.content.Context,int):29:29 -> b
    3:3:java.lang.String getHealthLevel(android.content.Context,int):27:27 -> b
    4:4:java.lang.String getHealthLevel(android.content.Context,int):25:25 -> b
    1:1:java.lang.String getImpedanceStatus(android.content.Context,int):72:72 -> c
    2:2:java.lang.String getImpedanceStatus(android.content.Context,int):70:70 -> c
    3:3:java.lang.String getImpedanceStatus(android.content.Context,int):68:68 -> c
com.scale.jartest.BuildConfig -> b.a.a.c:
    java.lang.String VERSION_NAME -> f
    int VERSION_CODE -> e
    boolean DEBUG -> a
    java.lang.String BUILD_TYPE -> c
    java.lang.String APPLICATION_ID -> b
    java.lang.String FLAVOR -> d
    1:1:void <init>():6:6 -> <init>
...
androidx.appcompat.widget.AppCompatSpinner$SavedState -> androidx.appcompat.widget.AppCompatSpinner$f:
    boolean mShowDropdown -> b
    1:1:void <clinit>():671:671 -> <clinit>
    1:1:void <init>(android.os.Parcelable):657:657 -> <init>
    2:3:void <init>(android.os.Parcel):661:662 -> <init>
    1:2:void writeToParcel(android.os.Parcel,int):667:668 -> writeToParcel
androidx.appcompat.widget.AppCompatSpinner$SavedState$1 -> androidx.appcompat.widget.AppCompatSpinner$f$a:
    1:1:void <init>():672:672 -> <init>
    1:1:java.lang.Object createFromParcel(android.os.Parcel):672:672 -> createFromParcel
    2:2:androidx.appcompat.widget.AppCompatSpinner$SavedState createFromParcel(android.os.Parcel):675:675 -> createFromParcel
    1:1:java.lang.Object[] newArray(int):672:672 -> newArray
    2:2:androidx.appcompat.widget.AppCompatSpinner$SavedState[] newArray(int):680:680 -> newArray
androidx.appcompat.widget.AppCompatSpinner$SpinnerPopup -> androidx.appcompat.widget.AppCompatSpinner$g:
    int getHorizontalOffset() -> a
    void setAdapter(android.widget.ListAdapter) -> a
    void setBackgroundDrawable(android.graphics.drawable.Drawable) -> a
    void setHorizontalOffset(int) -> a
    void setPromptText(java.lang.CharSequence) -> a
    void show(int,int) -> a
    int getVerticalOffset() -> b
    void setVerticalOffset(int) -> b
    int getHorizontalOriginalOffset() -> c
    void setHorizontalOriginalOffset(int) -> c
    boolean isShowing() -> d
    android.graphics.drawable.Drawable getBackground() -> f
    java.lang.CharSequence getHintText() -> g
androidx.appcompat.widget.AppCompatTextClassifierHelper -> a.c.h.n:
    android.widget.TextView mTextView -> a
    android.view.textclassifier.TextClassifier mTextClassifier -> b
    1:2:void <init>(android.widget.TextView):42:43 -> <init>
    1:1:void setTextClassifier(android.view.textclassifier.TextClassifier):51:51 -> a
    2:4:android.view.textclassifier.TextClassifier getTextClassifier():62:64 -> a
    5:5:android.view.textclassifier.TextClassifier getTextClassifier():66:66 -> a
    6:6:android.view.textclassifier.TextClassifier getTextClassifier():68:68 -> a
androidx.appcompat.widget.AppCompatTextHelper -> a.c.h.o:
    int TEXT_FONT_WEIGHT_UNSPECIFIED -> n
    androidx.appcompat.widget.AppCompatTextViewAutoSizeHelper mAutoSizeTextHelper -> i
    boolean mAsyncFontPending -> m
    int SANS -> o
    int mStyle -> j
    int mFontWeight -> k
    androidx.appcompat.widget.TintInfo mDrawableLeftTint -> b
    androidx.appcompat.widget.TintInfo mDrawableTopTint -> c
    androidx.appcompat.widget.TintInfo mDrawableStartTint -> f
    androidx.appcompat.widget.TintInfo mDrawableEndTint -> g
    android.widget.TextView mView -> a
    androidx.appcompat.widget.TintInfo mDrawableRightTint -> d
    androidx.appcompat.widget.TintInfo mDrawableBottomTint -> e
    android.graphics.Typeface mFontTypeface -> l
    androidx.appcompat.widget.TintInfo mDrawableTint -> h
    int SERIF -> p
    int MONOSPACE -> q
    1:1:void <init>(android.widget.TextView):78:78 -> <init>
    2:3:void <init>(android.widget.TextView):73:74 -> <init>
    4:5:void <init>(android.widget.TextView):79:80 -> <init>
    1:2:void loadFromAttributes(android.util.AttributeSet,int):85:86 -> a
    3:3:void loadFromAttributes(android.util.AttributeSet,int):89:89 -> a
    4:5:void loadFromAttributes(android.util.AttributeSet,int):91:92 -> a
    6:6:void loadFromAttributes(android.util.AttributeSet,int):91:91 -> a
    7:7:void loadFromAttributes(android.util.AttributeSet,int):95:95 -> a
    8:10:void loadFromAttributes(android.util.AttributeSet,int):97:99 -> a